<?xml version="1.0" encoding="UTF-8"?>
<!-- Generated by org.testng.reporters.JUnitReportReporter -->
<testsuite hostname="CHINNI" failures="0" tests="3" name="com.OrangeHRMApplicationPagesTest.LogInPageTest" time="17.319" errors="0" timestamp="2024-02-18T00:22:59 IST" skipped="0">
  <testcase classname="com.OrangeHRMApplicationPagesTest.LogInPageTest" name="orangeHRMApplicationLogInPage_logInPannelTextValidationTest" time="2.820"/>
  <system-out/>
  <testcase classname="com.OrangeHRMApplicationPagesTest.LogInPageTest" name="orangeHRMApplicationLogInPage_logoValidationTest" time="2.024"/>
  <system-out/>
  <testcase classname="com.OrangeHRMApplicationPagesTest.LogInPageTest" name="orangeHRMApplicationLogInPage_LogInValidationTest" time="12.475"/>
  <system-out/>
</testsuite> <!-- com.OrangeHRMApplicationPagesTest.LogInPageTest -->
