<?xml version="1.0" encoding="UTF-8"?>
<!-- Generated by org.testng.reporters.JUnitReportReporter -->
<testsuite hostname="CHINNI" failures="0" tests="1" name="com.RadioButtonsTesting.Group1_Group2_RadioButtonsTesting" time="13.186" errors="0" timestamp="2024-02-16T23:45:14 IST" skipped="0">
  <testcase classname="com.RadioButtonsTesting.Group1_Group2_RadioButtonsTesting" name="RadioButtonsTesting" time="13.186"/>
  <system-out/>
</testsuite> <!-- com.RadioButtonsTesting.Group1_Group2_RadioButtonsTesting -->
