<?xml version="1.0" encoding="UTF-8"?>
<!-- Generated by org.testng.reporters.JUnitReportReporter -->
<testsuite hostname="CHINNI" failures="0" tests="1" name="com.BaseTest.BaseTest" time="5.718" errors="0" timestamp="2024-02-15T21:17:55 IST" skipped="0">
  <testcase classname="com.BaseTest.BaseTest" name="setUp" time="5.718"/>
  <system-out/>
</testsuite> <!-- com.BaseTest.BaseTest -->
