<?xml version="1.0" encoding="UTF-8"?>
<!-- Generated by org.testng.reporters.JUnitReportReporter -->
<testsuite hostname="CHINNI" failures="0" tests="1" name="com.RadioButtonsTesting.EchoEchoApplication_RadioButtonsTesting" time="6.657" errors="0" timestamp="2024-02-16T18:44:45 IST" skipped="0">
  <testcase classname="com.RadioButtonsTesting.EchoEchoApplication_RadioButtonsTesting" name="group1RadioButtonsTesting" time="6.657"/>
  <system-out/>
</testsuite> <!-- com.RadioButtonsTesting.EchoEchoApplication_RadioButtonsTesting -->
