<?xml version="1.0" encoding="UTF-8"?>
<!-- Generated by org.testng.reporters.JUnitReportReporter -->
<testsuite hostname="CHINNI" failures="0" tests="4" name="com.OHRMAssignment.AddEmployee_UsingAutoIT" time="19.802" errors="0" timestamp="2024-02-14T22:52:02 IST" skipped="0">
  <testcase classname="com.OHRMAssignment.AddEmployee_UsingAutoIT" name="loginfunctionality" time="1.905"/>
  <system-out/>
  <testcase classname="com.OHRMAssignment.AddEmployee_UsingAutoIT" name="pim_MouseHover" time="0.965"/>
  <system-out/>
  <testcase classname="com.OHRMAssignment.AddEmployee_UsingAutoIT" name="add_EmployeewebpageTest" time="0.039"/>
  <system-out/>
  <testcase classname="com.OHRMAssignment.AddEmployee_UsingAutoIT" name="addEmployeeTest" time="16.893"/>
  <system-out/>
</testsuite> <!-- com.OHRMAssignment.AddEmployee_UsingAutoIT -->
