<?xml version="1.0" encoding="UTF-8"?>
<!-- Generated by org.testng.reporters.JUnitReportReporter -->
<testsuite hostname="CHINNI" failures="0" tests="1" name="com.WebTable.DynamicWebTable" time="2.372" errors="0" timestamp="2024-02-10T11:12:56 IST" skipped="0">
  <testcase classname="com.WebTable.DynamicWebTable" name="dynamicWebTableData" time="2.372"/>
  <system-out/>
</testsuite> <!-- com.WebTable.DynamicWebTable -->
