<?xml version="1.0" encoding="UTF-8"?>
<!-- Generated by org.testng.reporters.JUnitReportReporter -->
<testsuite hostname="CHINNI" failures="0" tests="1" name="com.WebTable.WebTableFirstcolumndata" time="1.856" errors="0" timestamp="2024-02-10T11:11:30 IST" skipped="0">
  <testcase classname="com.WebTable.WebTableFirstcolumndata" name="firstcolumncitynames_exporttoexcel" time="1.856"/>
  <system-out/>
</testsuite> <!-- com.WebTable.WebTableFirstcolumndata -->
