<?xml version="1.0" encoding="UTF-8"?>
<!-- Generated by org.testng.reporters.JUnitReportReporter -->
<testsuite hostname="CHINNI" failures="0" tests="5" name="com.TestNG.Annotations1" time="0.017" errors="0" timestamp="2024-02-07T00:44:21 IST" skipped="1">
  <testcase classname="com.TestNG.Annotations1" name="loginTest" time="0.007"/>
  <system-out/>
  <testcase classname="com.TestNG.Annotations1" name="inBoxTest" time="0.007"/>
  <system-out/>
  <testcase classname="com.TestNG.Annotations1" name="ComposeMailTest" time="0.003"/>
  <system-out/>
  <testcase classname="com.TestNG.Annotations1" name="sentMail" time="0.000"/>
  <system-out/>
  <testcase classname="com.TestNG.Annotations1" name="draftsTest">
    <skipped/>
  </testcase> <!-- draftsTest -->
  <system-out/>
</testsuite> <!-- com.TestNG.Annotations1 -->
