<?xml version="1.0" encoding="UTF-8"?>
<!-- Generated by org.testng.reporters.JUnitReportReporter -->
<testsuite hostname="CHINNI" failures="0" tests="5" name="com.TestNG.Annotations2" time="0.016" errors="0" timestamp="2024-02-07T01:08:28 IST" skipped="1">
  <testcase classname="com.TestNG.Annotations2" name="loginTest" time="0.006"/>
  <system-out/>
  <testcase classname="com.TestNG.Annotations2" name="inBoxTest" time="0.006"/>
  <system-out/>
  <testcase classname="com.TestNG.Annotations2" name="ComposeMailTest" time="0.002"/>
  <system-out/>
  <testcase classname="com.TestNG.Annotations2" name="sentMail" time="0.002"/>
  <system-out/>
  <testcase classname="com.TestNG.Annotations2" name="draftsTest">
    <skipped/>
  </testcase> <!-- draftsTest -->
  <system-out/>
</testsuite> <!-- com.TestNG.Annotations2 -->
