<?xml version="1.0" encoding="UTF-8"?>
<!-- Generated by org.testng.reporters.JUnitReportReporter -->
<testsuite hostname="CHINNI" failures="0" tests="7" name="com.TestNG.Annotations" time="0.016" errors="0" timestamp="2024-02-07T00:34:12 IST" skipped="1">
  <testcase classname="com.TestNG.Annotations" name="applicationlaunch" time="0.010"/>
  <system-out/>
  <testcase classname="com.TestNG.Annotations" name="loginTest" time="0.001"/>
  <system-out/>
  <testcase classname="com.TestNG.Annotations" name="inBoxTest" time="0.001"/>
  <system-out/>
  <testcase classname="com.TestNG.Annotations" name="ComposeMailTest" time="0.001"/>
  <system-out/>
  <testcase classname="com.TestNG.Annotations" name="sentMail" time="0.001"/>
  <system-out/>
  <testcase classname="com.TestNG.Annotations" name="applicationClose" time="0.002"/>
  <system-out/>
  <testcase classname="com.TestNG.Annotations" name="draftsTest">
    <skipped/>
  </testcase> <!-- draftsTest -->
  <system-out/>
</testsuite> <!-- com.TestNG.Annotations -->
