<?xml version="1.0" encoding="UTF-8"?>
<!-- Generated by org.testng.reporters.JUnitReportReporter -->
<testsuite hostname="CHINNI" failures="0" tests="2" name="com.OHRMAssignment.BaseTest" time="3.356" errors="0" timestamp="2024-02-12T18:51:11 IST" skipped="0">
  <testcase classname="com.OHRMAssignment.BaseTest" name="setUp" time="2.732"/>
  <system-out/>
  <testcase classname="com.OHRMAssignment.BaseTest" name="tearDown" time="0.624"/>
  <system-out/>
</testsuite> <!-- com.OHRMAssignment.BaseTest -->
