<?xml version="1.0" encoding="UTF-8"?>
<!-- Generated by org.testng.reporters.JUnitReportReporter -->
<testsuite hostname="CHINNI" failures="0" tests="1" name="com.WebTable.CapturingwebTableData" time="7.291" errors="0" timestamp="2024-02-09T00:14:35 IST" skipped="0">
  <testcase classname="com.WebTable.CapturingwebTableData" name="webTableData" time="7.291"/>
  <system-out/>
</testsuite> <!-- com.WebTable.CapturingwebTableData -->
