<?xml version="1.0" encoding="UTF-8"?>
<!-- Generated by org.testng.reporters.JUnitReportReporter -->
<testsuite hostname="CHINNI" failures="0" tests="1" name="com.Alert.Tsrtc_HandlingAlert" time="3.108" errors="0" timestamp="2024-02-11T01:04:41 IST" skipped="0">
  <testcase classname="com.Alert.Tsrtc_HandlingAlert" name="handlingAlert" time="3.108"/>
  <system-out/>
</testsuite> <!-- com.Alert.Tsrtc_HandlingAlert -->
