<?xml version="1.0" encoding="UTF-8"?>
<!-- Generated by org.testng.reporters.JUnitReportReporter -->
<testsuite hostname="CHINNI" failures="0" tests="1" name="com.WebTable.WebTable_FirstRow_FirstRowOfCell_getcityname" time="0.063" errors="0" timestamp="2024-02-09T22:18:04 IST" skipped="0">
  <testcase classname="com.WebTable.WebTable_FirstRow_FirstRowOfCell_getcityname" name="webTable_getcityName" time="0.063"/>
  <system-out/>
</testsuite> <!-- com.WebTable.WebTable_FirstRow_FirstRowOfCell_getcityname -->
