<?xml version="1.0" encoding="UTF-8"?>
<!-- Generated by org.testng.reporters.JUnitReportReporter -->
<testsuite hostname="CHINNI" failures="0" tests="1" name="com.WebTable.FirstColumn_Getcitynames" time="1.540" errors="0" timestamp="2024-02-09T22:21:21 IST" skipped="0">
  <testcase classname="com.WebTable.FirstColumn_Getcitynames" name="firstcolumn_getCitynames" time="1.540"/>
  <system-out/>
</testsuite> <!-- com.WebTable.FirstColumn_Getcitynames -->
